TN:
SF:app\adapters\services\error.service.js
FN:4,(anonymous_0)
FN:13,(anonymous_1)
FN:21,(anonymous_2)
FN:22,(anonymous_3)
FN:32,(anonymous_4)
FNF:5
FNH:5
FNDA:3,(anonymous_0)
FNDA:4,(anonymous_1)
FNDA:1,(anonymous_2)
FNDA:2,(anonymous_3)
FNDA:3,(anonymous_4)
DA:5,3
DA:6,3
DA:7,3
DA:8,3
DA:14,4
DA:15,4
DA:16,4
DA:17,4
DA:18,4
DA:22,1
DA:23,2
DA:33,3
DA:34,3
DA:35,1
DA:38,1
DA:41,3
DA:42,1
DA:45,3
DA:52,1
LF:19
LH:19
BRDA:34,0,0,1
BRDA:34,0,1,2
BRDA:41,1,0,1
BRDA:41,1,1,2
BRF:4
BRH:4
end_of_record
TN:
SF:app\adapters\services\format.service.js
FN:4,(anonymous_0)
FN:8,(anonymous_1)
FN:11,(anonymous_2)
FNF:3
FNH:3
FNDA:2,(anonymous_0)
FNDA:2,(anonymous_1)
FNDA:4,(anonymous_2)
DA:5,2
DA:6,2
DA:9,2
DA:11,2
DA:12,4
DA:13,2
DA:16,2
DA:22,1
LF:8
LH:8
BRDA:12,0,0,2
BRDA:12,0,1,2
BRF:2
BRH:2
end_of_record
TN:
SF:app\adapters\services\regex.service.js
FN:15,(anonymous_0)
FN:24,(anonymous_1)
FNF:2
FNH:2
FNDA:1,(anonymous_0)
FNDA:1,(anonymous_1)
DA:16,1
DA:25,1
DA:30,1
LF:3
LH:3
BRF:0
BRH:0
end_of_record
TN:
SF:app\adapters\services\transaction.service.js
FN:4,(anonymous_0)
FN:8,(anonymous_1)
FN:14,(anonymous_2)
FN:20,(anonymous_3)
FNF:4
FNH:4
FNDA:5,(anonymous_0)
FNDA:1,(anonymous_1)
FNDA:2,(anonymous_2)
FNDA:2,(anonymous_3)
DA:5,5
DA:6,5
DA:9,1
DA:15,2
DA:16,1
DA:21,2
DA:22,1
DA:29,1
LF:8
LH:8
BRDA:15,0,0,1
BRDA:15,0,1,1
BRDA:21,1,0,1
BRDA:21,1,1,1
BRF:4
BRH:4
end_of_record
TN:
SF:app\adapters\services\validator.service.js
FN:6,(anonymous_0)
FN:11,(anonymous_1)
FN:21,(anonymous_2)
FNF:3
FNH:3
FNDA:4,(anonymous_0)
FNDA:4,(anonymous_1)
FNDA:3,(anonymous_2)
DA:3,1
DA:7,4
DA:8,4
DA:12,4
DA:13,4
DA:14,3
DA:15,3
DA:16,3
DA:22,3
DA:24,3
DA:25,1
DA:28,2
DA:37,2
DA:38,1
DA:41,2
DA:46,1
LF:16
LH:16
BRDA:13,0,0,3
BRDA:13,0,1,1
BRDA:17,1,0,3
BRDA:17,1,1,1
BRDA:24,2,0,1
BRDA:24,2,1,2
BRDA:37,3,0,1
BRDA:37,3,1,1
BRDA:37,4,0,2
BRDA:37,4,1,1
BRF:10
BRH:10
end_of_record
TN:
SF:app\interactors\interactor.bs.js
FN:5,(anonymous_0)
FN:11,(anonymous_1)
FNF:2
FNH:2
FNDA:1,(anonymous_0)
FNDA:1,(anonymous_1)
DA:6,1
DA:12,1
DA:18,1
LF:3
LH:3
BRF:0
BRH:0
end_of_record
TN:
SF:app\interactors\authenticate\authenticate.bs.js
FN:4,(anonymous_0)
FN:10,(anonymous_1)
FN:11,(anonymous_2)
FNF:3
FNH:3
FNDA:1,(anonymous_0)
FNDA:1,(anonymous_1)
FNDA:1,(anonymous_2)
DA:5,1
DA:6,1
DA:7,1
DA:11,1
DA:12,1
DA:13,1
DA:14,1
DA:15,1
DA:18,0
DA:23,1
LF:10
LH:9
BRDA:14,0,0,1
BRDA:14,0,1,0
BRF:2
BRH:1
end_of_record
TN:
SF:app\interactors\automatic-balance\automatic-balance.bs.js
FN:5,(anonymous_0)
FN:17,(anonymous_1)
FN:28,(anonymous_2)
FN:40,(anonymous_3)
FN:47,(anonymous_4)
FNF:5
FNH:5
FNDA:6,(anonymous_0)
FNDA:1,(anonymous_1)
FNDA:1,(anonymous_2)
FNDA:1,(anonymous_3)
FNDA:3,(anonymous_4)
DA:2,1
DA:6,6
DA:7,6
DA:8,6
DA:9,6
DA:10,6
DA:11,6
DA:12,6
DA:13,6
DA:14,6
DA:18,1
DA:21,1
DA:22,0
DA:25,1
DA:29,1
DA:30,1
DA:32,1
DA:33,0
DA:36,1
DA:41,1
DA:44,1
DA:48,3
DA:51,3
DA:53,3
DA:54,2
DA:59,2
DA:62,2
DA:66,2
DA:67,4
DA:68,4
DA:70,4
DA:73,4
DA:75,4
DA:78,2
DA:81,2
DA:85,2
DA:93,2
DA:96,2
DA:100,2
DA:101,2
DA:105,3
DA:109,1
LF:42
LH:40
BRDA:21,0,0,0
BRDA:21,0,1,1
BRDA:32,1,0,0
BRDA:32,1,1,1
BRDA:53,2,0,2
BRDA:53,2,1,1
BRDA:100,3,0,1
BRDA:100,3,1,1
BRF:8
BRH:6
end_of_record
TN:
SF:app\interactors\automatic-balance\automatic-balance.rep.js
FN:3,(anonymous_0)
FN:7,(anonymous_1)
FN:13,(anonymous_2)
FNF:3
FNH:3
FNDA:2,(anonymous_0)
FNDA:1,(anonymous_1)
FNDA:1,(anonymous_2)
DA:4,2
DA:8,1
DA:14,1
DA:15,1
DA:24,1
DA:30,1
LF:6
LH:6
BRF:0
BRH:0
end_of_record
TN:
SF:app\interactors\automatic-balance-config\automatic-balance-config.rep.js
FN:3,(anonymous_0)
FN:7,(anonymous_1)
FN:13,(anonymous_2)
FN:23,(anonymous_3)
FN:34,(anonymous_4)
FN:43,(anonymous_5)
FN:54,(anonymous_6)
FNF:7
FNH:7
FNDA:6,(anonymous_0)
FNDA:1,(anonymous_1)
FNDA:1,(anonymous_2)
FNDA:1,(anonymous_3)
FNDA:1,(anonymous_4)
FNDA:1,(anonymous_5)
FNDA:1,(anonymous_6)
DA:4,6
DA:8,1
DA:14,1
DA:18,1
DA:24,1
DA:29,1
DA:35,1
DA:44,1
DA:49,1
DA:55,1
DA:59,1
DA:65,1
LF:12
LH:12
BRF:0
BRH:0
end_of_record
TN:
SF:app\interactors\balance\balance.bs.js
FN:7,(anonymous_0)
FN:19,(anonymous_1)
FN:31,(anonymous_2)
FN:66,(anonymous_3)
FNF:4
FNH:4
FNDA:4,(anonymous_0)
FNDA:1,(anonymous_1)
FNDA:2,(anonymous_2)
FNDA:1,(anonymous_3)
DA:3,1
DA:8,4
DA:9,4
DA:10,4
DA:11,4
DA:12,4
DA:13,4
DA:14,4
DA:15,4
DA:16,4
DA:20,1
DA:22,1
DA:25,1
DA:28,1
DA:32,2
DA:33,2
DA:35,2
DA:38,2
DA:39,2
DA:40,2
DA:41,2
DA:43,2
DA:44,1
DA:46,1
DA:54,1
DA:55,1
DA:58,1
DA:59,1
DA:62,1
DA:68,1
DA:71,1
DA:74,1
DA:78,1
LF:33
LH:33
BRF:0
BRH:0
end_of_record
TN:
SF:app\interactors\balance\balance.rep.js
FN:4,(anonymous_0)
FN:8,(anonymous_1)
FN:21,(anonymous_2)
FN:29,(anonymous_3)
FN:48,(anonymous_4)
FN:66,(anonymous_5)
FN:81,(anonymous_6)
FNF:7
FNH:7
FNDA:7,(anonymous_0)
FNDA:1,(anonymous_1)
FNDA:1,(anonymous_2)
FNDA:1,(anonymous_3)
FNDA:1,(anonymous_4)
FNDA:2,(anonymous_5)
FNDA:1,(anonymous_6)
DA:5,7
DA:9,1
DA:16,1
DA:22,1
DA:26,1
DA:30,1
DA:43,1
DA:49,1
DA:61,1
DA:67,2
DA:72,2
DA:73,1
DA:76,2
DA:82,1
DA:86,1
DA:100,1
LF:16
LH:16
BRDA:72,0,0,1
BRDA:72,0,1,1
BRF:2
BRH:2
end_of_record
TN:
SF:app\interactors\balance\balance.service.js
FN:3,(anonymous_0)
FN:9,(anonymous_1)
FN:32,(anonymous_2)
FNF:3
FNH:3
FNDA:7,(anonymous_0)
FNDA:4,(anonymous_1)
FNDA:3,(anonymous_2)
DA:4,7
DA:5,7
DA:6,7
DA:10,4
DA:13,4
DA:14,1
DA:17,3
DA:20,3
DA:21,1
DA:25,2
DA:26,1
DA:29,1
DA:33,3
DA:34,3
DA:35,3
DA:36,3
DA:37,3
DA:38,3
DA:39,3
DA:40,3
DA:42,3
DA:47,3
DA:48,3
DA:49,3
DA:51,3
DA:56,3
DA:57,2
DA:63,3
DA:66,3
DA:67,2
DA:71,3
DA:72,2
DA:78,3
DA:84,1
LF:34
LH:34
BRDA:13,0,0,1
BRDA:13,0,1,3
BRDA:20,1,0,1
BRDA:20,1,1,2
BRDA:25,2,0,1
BRDA:25,2,1,1
BRDA:34,3,0,3
BRDA:34,3,1,3
BRDA:35,4,0,3
BRDA:35,4,1,3
BRDA:36,5,0,3
BRDA:36,5,1,3
BRDA:56,6,0,2
BRDA:56,6,1,1
BRDA:58,7,0,1
BRDA:58,7,1,1
BRDA:59,8,0,1
BRDA:59,8,1,1
BRDA:66,9,0,2
BRDA:66,9,1,1
BRDA:71,10,0,2
BRDA:71,10,1,1
BRF:22
BRH:22
end_of_record
TN:
SF:app\interactors\balance-history\balance-history.rep.js
FN:4,(anonymous_0)
FN:8,(anonymous_1)
FN:20,(anonymous_2)
FNF:3
FNH:3
FNDA:3,(anonymous_0)
FNDA:2,(anonymous_1)
FNDA:1,(anonymous_2)
DA:5,3
DA:9,2
DA:11,2
DA:12,1
DA:15,2
DA:21,1
DA:44,1
DA:51,1
LF:8
LH:8
BRDA:11,0,0,1
BRDA:11,0,1,1
BRF:2
BRH:2
end_of_record
TN:
SF:app\interactors\benefits\benefits.bs.js
FN:4,(anonymous_0)
FN:15,(anonymous_1)
FN:25,(anonymous_2)
FN:42,(anonymous_3)
FN:49,(anonymous_4)
FN:65,(anonymous_5)
FNF:6
FNH:6
FNDA:12,(anonymous_0)
FNDA:1,(anonymous_1)
FNDA:3,(anonymous_2)
FNDA:1,(anonymous_3)
FNDA:2,(anonymous_4)
FNDA:5,(anonymous_5)
DA:5,12
DA:6,12
DA:7,12
DA:8,12
DA:9,12
DA:10,12
DA:11,12
DA:12,12
DA:16,1
DA:19,1
DA:22,1
DA:26,3
DA:27,1
DA:30,2
DA:32,2
DA:35,2
DA:36,1
DA:39,1
DA:43,1
DA:45,1
DA:50,2
DA:52,2
DA:54,2
DA:57,2
DA:58,1
DA:61,1
DA:66,5
DA:68,5
DA:71,5
DA:72,1
DA:75,4
DA:78,4
DA:79,1
DA:82,3
DA:83,1
DA:86,2
DA:87,2
DA:88,2
DA:89,2
DA:91,2
DA:99,2
DA:100,1
DA:103,1
DA:104,1
DA:109,1
LF:45
LH:45
BRDA:26,0,0,1
BRDA:26,0,1,2
BRDA:35,1,0,1
BRDA:35,1,1,1
BRDA:57,2,0,1
BRDA:57,2,1,1
BRDA:71,3,0,1
BRDA:71,3,1,4
BRDA:78,4,0,1
BRDA:78,4,1,3
BRDA:82,5,0,1
BRDA:82,5,1,2
BRF:12
BRH:12
end_of_record
TN:
SF:app\interactors\benefits\benefits.rep.js
FN:2,(anonymous_0)
FN:6,(anonymous_1)
FN:21,(anonymous_2)
FN:30,(anonymous_3)
FN:36,(anonymous_4)
FNF:5
FNH:5
FNDA:5,(anonymous_0)
FNDA:2,(anonymous_1)
FNDA:1,(anonymous_2)
FNDA:1,(anonymous_3)
FNDA:1,(anonymous_4)
DA:3,5
DA:7,2
DA:16,2
DA:22,1
DA:31,1
DA:37,1
DA:41,1
DA:47,1
LF:8
LH:8
BRF:0
BRH:0
end_of_record
TN:
SF:app\interactors\benefits\benefits.service.js
FN:2,(anonymous_0)
FN:8,(anonymous_1)
FNF:2
FNH:2
FNDA:3,(anonymous_0)
FNDA:3,(anonymous_1)
DA:3,3
DA:4,3
DA:9,3
DA:10,3
DA:11,3
DA:12,3
DA:13,3
DA:14,3
DA:15,3
DA:16,3
DA:17,3
DA:19,3
DA:24,3
DA:29,3
DA:30,2
DA:36,3
DA:37,2
DA:41,3
DA:42,2
DA:46,3
DA:48,3
DA:53,1
LF:22
LH:22
BRDA:11,0,0,3
BRDA:11,0,1,3
BRDA:12,1,0,3
BRDA:12,1,1,3
BRDA:16,2,0,3
BRDA:16,2,1,2
BRDA:29,3,0,2
BRDA:29,3,1,1
BRDA:31,4,0,1
BRDA:31,4,1,1
BRDA:32,5,0,1
BRDA:32,5,1,1
BRDA:36,6,0,2
BRDA:36,6,1,1
BRDA:41,7,0,2
BRDA:41,7,1,1
BRF:16
BRH:16
end_of_record
TN:
SF:app\interactors\token\auth.bs.js
FN:4,(anonymous_0)
FN:14,(anonymous_1)
FNF:2
FNH:2
FNDA:4,(anonymous_0)
FNDA:4,(anonymous_1)
DA:5,4
DA:6,4
DA:7,4
DA:8,4
DA:9,4
DA:10,4
DA:15,4
DA:16,4
DA:17,4
DA:20,4
DA:21,1
DA:24,3
DA:27,3
DA:28,1
DA:31,2
DA:34,2
DA:35,1
DA:40,1
DA:41,1
DA:42,1
DA:44,1
DA:46,1
DA:52,1
LF:23
LH:23
BRDA:20,0,0,1
BRDA:20,0,1,3
BRDA:20,1,0,4
BRDA:20,1,1,3
BRDA:27,2,0,1
BRDA:27,2,1,2
BRDA:34,3,0,1
BRDA:34,3,1,1
BRF:8
BRH:8
end_of_record
TN:
SF:app\interactors\user\user.bs.js
FN:6,(anonymous_0)
FN:18,(anonymous_1)
FN:42,(anonymous_2)
FN:52,(anonymous_3)
FN:68,(anonymous_4)
FNF:5
FNH:5
FNDA:10,(anonymous_0)
FNDA:3,(anonymous_1)
FNDA:1,(anonymous_2)
FNDA:4,(anonymous_3)
FNDA:2,(anonymous_4)
DA:3,1
DA:7,10
DA:8,10
DA:9,10
DA:10,10
DA:11,10
DA:12,10
DA:13,10
DA:14,10
DA:19,3
DA:20,2
DA:21,2
DA:24,2
DA:26,2
DA:27,2
DA:30,1
DA:33,1
DA:36,1
DA:37,1
DA:43,1
DA:46,1
DA:49,1
DA:53,4
DA:54,1
DA:57,3
DA:58,3
DA:61,3
DA:62,1
DA:65,2
DA:69,2
DA:70,2
DA:72,2
DA:75,2
DA:76,1
DA:79,1
DA:82,1
DA:86,1
LF:37
LH:37
BRDA:53,0,0,1
BRDA:53,0,1,3
BRDA:53,1,0,4
BRDA:53,1,1,2
BRDA:57,2,0,3
BRDA:57,2,1,1
BRDA:61,3,0,1
BRDA:61,3,1,2
BRDA:75,4,0,1
BRDA:75,4,1,1
BRF:10
BRH:10
end_of_record
TN:
SF:app\interactors\user\user.rep.js
FN:4,(anonymous_0)
FN:8,(anonymous_1)
FN:14,(anonymous_2)
FN:30,(anonymous_3)
FN:41,(anonymous_4)
FN:51,(anonymous_5)
FNF:6
FNH:6
FNDA:5,(anonymous_0)
FNDA:1,(anonymous_1)
FNDA:1,(anonymous_2)
FNDA:1,(anonymous_3)
FNDA:1,(anonymous_4)
FNDA:1,(anonymous_5)
DA:5,5
DA:9,1
DA:15,1
DA:25,1
DA:32,1
DA:42,1
DA:52,1
DA:56,1
DA:63,1
LF:9
LH:9
BRF:0
BRH:0
end_of_record
TN:
SF:app\interactors\user\user.service.js
FN:3,(anonymous_0)
FN:10,(anonymous_1)
FNF:2
FNH:2
FNDA:3,(anonymous_0)
FNDA:3,(anonymous_1)
DA:4,3
DA:5,3
DA:6,3
DA:11,3
DA:12,3
DA:13,3
DA:14,3
DA:15,3
DA:16,3
DA:17,3
DA:19,3
DA:24,3
DA:26,3
DA:31,3
DA:32,2
DA:38,3
DA:40,3
DA:41,1
DA:45,3
DA:50,1
LF:20
LH:20
BRDA:12,0,0,3
BRDA:12,0,1,3
BRDA:13,1,0,3
BRDA:13,1,1,3
BRDA:14,2,0,3
BRDA:14,2,1,2
BRDA:31,3,0,2
BRDA:31,3,1,1
BRDA:33,4,0,1
BRDA:33,4,1,1
BRDA:34,5,0,1
BRDA:34,5,1,1
BRDA:40,6,0,1
BRDA:40,6,1,2
BRF:14
BRH:14
end_of_record
